TN:
SF:src\middleware\auth.ts
FN:13,(anonymous_1)
FN:36,(anonymous_2)
FN:37,(anonymous_3)
FNF:3
FNH:3
FNDA:6,(anonymous_1)
FNDA:3,(anonymous_2)
FNDA:4,(anonymous_3)
DA:2,2
DA:3,2
DA:13,2
DA:14,6
DA:16,6
DA:17,3
DA:20,3
DA:22,3
DA:23,3
DA:29,1
DA:30,1
DA:32,2
DA:36,2
DA:37,3
DA:38,4
DA:39,1
DA:42,3
DA:43,2
DA:46,1
LF:19
LH:19
BRDA:16,0,0,3
BRDA:16,1,0,6
BRDA:16,1,1,4
BRDA:38,2,0,1
BRDA:42,3,0,2
BRF:5
BRH:5
end_of_record
TN:
SF:src\middleware\errorHandler.ts
FN:8,(anonymous_0)
FN:16,(anonymous_1)
FNF:2
FNH:2
FNDA:17,(anonymous_0)
FNDA:6,(anonymous_1)
DA:2,6
DA:4,6
DA:9,17
DA:10,17
DA:11,17
DA:12,17
DA:16,6
DA:22,6
DA:23,4
DA:25,4
DA:29,4
DA:33,2
DA:37,2
LF:13
LH:13
BRDA:8,0,0,1
BRDA:22,1,0,4
BRDA:39,2,0,1
BRDA:39,2,1,1
BRF:4
BRH:4
end_of_record
TN:
SF:src\middleware\notFoundHandler.ts
FN:3,(anonymous_0)
FNF:1
FNH:0
FNDA:0,(anonymous_0)
DA:3,0
DA:4,0
LF:2
LH:0
BRF:0
BRH:0
end_of_record
TN:
SF:src\middleware\validation.ts
FN:5,(anonymous_0)
FN:6,(anonymous_1)
FN:10,(anonymous_2)
FNF:3
FNH:3
FNDA:4,(anonymous_0)
FNDA:4,(anonymous_1)
FNDA:6,(anonymous_2)
DA:3,1
DA:5,1
DA:6,4
DA:7,4
DA:9,4
DA:10,6
DA:11,3
DA:14,1
LF:8
LH:8
BRDA:9,0,0,3
BRF:1
BRH:1
end_of_record
TN:
SF:src\routes\badge.routes.ts
FN:9,(anonymous_0)
FN:23,(anonymous_1)
FN:33,(anonymous_2)
FN:43,(anonymous_3)
FN:53,(anonymous_4)
FN:63,(anonymous_5)
FN:73,(anonymous_6)
FN:83,(anonymous_7)
FNF:8
FNH:0
FNDA:0,(anonymous_0)
FNDA:0,(anonymous_1)
FNDA:0,(anonymous_2)
FNDA:0,(anonymous_3)
FNDA:0,(anonymous_4)
FNDA:0,(anonymous_5)
FNDA:0,(anonymous_6)
FNDA:0,(anonymous_7)
DA:1,1
DA:2,1
DA:3,1
DA:5,1
DA:6,1
DA:9,1
DA:10,0
DA:11,0
DA:12,0
DA:16,0
DA:18,0
DA:23,1
DA:24,0
DA:25,0
DA:26,0
DA:28,0
DA:33,1
DA:34,0
DA:35,0
DA:36,0
DA:38,0
DA:43,1
DA:44,0
DA:45,0
DA:46,0
DA:48,0
DA:53,1
DA:54,0
DA:55,0
DA:56,0
DA:58,0
DA:63,1
DA:64,0
DA:65,0
DA:66,0
DA:68,0
DA:73,1
DA:74,0
DA:75,0
DA:76,0
DA:78,0
DA:83,1
DA:84,0
DA:85,0
DA:86,0
DA:88,0
DA:92,1
LF:47
LH:14
BRF:0
BRH:0
end_of_record
TN:
SF:src\routes\daypart.routes.ts
FN:7,(anonymous_0)
FNF:1
FNH:0
FNDA:0,(anonymous_0)
DA:1,0
DA:2,0
DA:4,0
DA:5,0
DA:7,0
DA:8,0
DA:9,0
DA:12,0
DA:14,0
DA:18,0
LF:10
LH:0
BRF:0
BRH:0
end_of_record
TN:
SF:src\routes\event.routes.ts
FN:9,(anonymous_0)
FN:25,(anonymous_1)
FN:35,(anonymous_2)
FN:45,(anonymous_3)
FN:55,(anonymous_4)
FN:65,(anonymous_5)
FN:75,(anonymous_6)
FNF:7
FNH:0
FNDA:0,(anonymous_0)
FNDA:0,(anonymous_1)
FNDA:0,(anonymous_2)
FNDA:0,(anonymous_3)
FNDA:0,(anonymous_4)
FNDA:0,(anonymous_5)
FNDA:0,(anonymous_6)
DA:1,0
DA:2,0
DA:3,0
DA:5,0
DA:6,0
DA:9,0
DA:10,0
DA:11,0
DA:12,0
DA:18,0
DA:20,0
DA:25,0
DA:26,0
DA:27,0
DA:28,0
DA:30,0
DA:35,0
DA:36,0
DA:37,0
DA:38,0
DA:40,0
DA:45,0
DA:46,0
DA:47,0
DA:48,0
DA:50,0
DA:55,0
DA:56,0
DA:57,0
DA:58,0
DA:60,0
DA:65,0
DA:66,0
DA:67,0
DA:68,0
DA:70,0
DA:75,0
DA:76,0
DA:77,0
DA:78,0
DA:80,0
DA:84,0
LF:42
LH:0
BRF:0
BRH:0
end_of_record
TN:
SF:src\routes\eventType.routes.ts
FN:7,(anonymous_0)
FNF:1
FNH:0
FNDA:0,(anonymous_0)
DA:1,0
DA:2,0
DA:4,0
DA:5,0
DA:7,0
DA:8,0
DA:9,0
DA:12,0
DA:14,0
DA:18,0
LF:10
LH:0
BRF:0
BRH:0
end_of_record
TN:
SF:src\routes\report.routes.ts
FN:9,(anonymous_0)
FN:17,(anonymous_1)
FN:22,(anonymous_2)
FN:32,(anonymous_3)
FN:42,(anonymous_4)
FNF:5
FNH:0
FNDA:0,(anonymous_0)
FNDA:0,(anonymous_1)
FNDA:0,(anonymous_2)
FNDA:0,(anonymous_3)
FNDA:0,(anonymous_4)
DA:1,0
DA:2,0
DA:3,0
DA:5,0
DA:6,0
DA:9,0
DA:10,0
DA:11,0
DA:17,0
DA:22,0
DA:25,0
DA:27,0
DA:32,0
DA:33,0
DA:34,0
DA:42,0
DA:43,0
DA:47,0
DA:57,0
DA:59,0
DA:63,0
LF:21
LH:0
BRDA:43,0,0,0
BRDA:43,0,1,0
BRDA:43,1,0,0
BRDA:43,1,1,0
BRDA:44,2,0,0
BRDA:44,2,1,0
BRDA:53,3,0,0
BRDA:53,3,1,0
BRF:8
BRH:0
end_of_record
TN:
SF:src\routes\room.routes.ts
FN:7,(anonymous_0)
FN:26,(anonymous_1)
FNF:2
FNH:0
FNDA:0,(anonymous_0)
FNDA:0,(anonymous_1)
DA:1,0
DA:2,0
DA:4,0
DA:5,0
DA:7,0
DA:8,0
DA:9,0
DA:20,0
DA:22,0
DA:26,0
DA:27,0
DA:28,0
DA:45,0
DA:47,0
DA:51,0
LF:15
LH:0
BRF:0
BRH:0
end_of_record
TN:
SF:src\routes\space.routes.ts
FN:7,(anonymous_0)
FN:21,(anonymous_1)
FNF:2
FNH:0
FNDA:0,(anonymous_0)
FNDA:0,(anonymous_1)
DA:1,0
DA:2,0
DA:4,0
DA:5,0
DA:7,0
DA:8,0
DA:9,0
DA:15,0
DA:17,0
DA:21,0
DA:22,0
DA:23,0
DA:37,0
DA:39,0
DA:43,0
LF:15
LH:0
BRF:0
BRH:0
end_of_record
TN:
SF:src\routes\sync.routes.ts
FN:8,(anonymous_0)
FNF:1
FNH:0
FNDA:0,(anonymous_0)
DA:1,0
DA:2,0
DA:3,0
DA:5,0
DA:8,0
DA:9,0
DA:12,0
DA:14,0
DA:19,0
DA:23,0
LF:10
LH:0
BRF:0
BRH:0
end_of_record
TN:
SF:src\routes\ticket.routes.ts
FN:9,(anonymous_0)
FN:19,(anonymous_1)
FN:29,(anonymous_2)
FN:39,(anonymous_3)
FNF:4
FNH:0
FNDA:0,(anonymous_0)
FNDA:0,(anonymous_1)
FNDA:0,(anonymous_2)
FNDA:0,(anonymous_3)
DA:1,0
DA:2,0
DA:3,0
DA:5,0
DA:6,0
DA:9,0
DA:10,0
DA:11,0
DA:12,0
DA:14,0
DA:19,0
DA:20,0
DA:21,0
DA:22,0
DA:24,0
DA:29,0
DA:30,0
DA:31,0
DA:32,0
DA:34,0
DA:39,0
DA:40,0
DA:41,0
DA:42,0
DA:44,0
DA:48,0
LF:26
LH:0
BRF:0
BRH:0
end_of_record
TN:
SF:src\services\badge.service.ts
FN:7,(anonymous_0)
FN:28,(anonymous_1)
FN:58,(anonymous_2)
FN:65,(anonymous_3)
FN:73,(anonymous_4)
FN:80,(anonymous_5)
FN:89,(anonymous_6)
FN:95,(anonymous_7)
FNF:8
FNH:0
FNDA:0,(anonymous_0)
FNDA:0,(anonymous_1)
FNDA:0,(anonymous_2)
FNDA:0,(anonymous_3)
FNDA:0,(anonymous_4)
FNDA:0,(anonymous_5)
FNDA:0,(anonymous_6)
FNDA:0,(anonymous_7)
DA:1,2
DA:2,2
DA:4,2
DA:6,2
DA:8,0
DA:29,0
DA:51,0
DA:52,0
DA:55,0
DA:59,0
DA:66,0
DA:74,0
DA:81,0
DA:90,0
DA:96,0
DA:103,0
DA:104,0
DA:107,0
LF:18
LH:4
BRDA:51,0,0,0
BRDA:103,1,0,0
BRF:2
BRH:0
end_of_record
TN:
SF:src\services\event.service.ts
FN:7,(anonymous_0)
FN:38,(anonymous_1)
FN:65,(anonymous_2)
FN:77,(anonymous_3)
FN:90,(anonymous_4)
FN:96,(anonymous_5)
FN:130,(anonymous_6)
FNF:7
FNH:0
FNDA:0,(anonymous_0)
FNDA:0,(anonymous_1)
FNDA:0,(anonymous_2)
FNDA:0,(anonymous_3)
FNDA:0,(anonymous_4)
FNDA:0,(anonymous_5)
FNDA:0,(anonymous_6)
DA:1,0
DA:2,0
DA:4,0
DA:6,0
DA:13,0
DA:39,0
DA:58,0
DA:59,0
DA:62,0
DA:66,0
DA:78,0
DA:91,0
DA:97,0
DA:109,0
DA:113,0
DA:123,0
DA:131,0
LF:17
LH:0
BRDA:15,0,0,0
BRDA:15,0,1,0
BRDA:16,1,0,0
BRDA:16,1,1,0
BRDA:17,2,0,0
BRDA:17,2,1,0
BRDA:18,3,0,0
BRDA:18,3,1,0
BRDA:58,4,0,0
BRF:9
BRH:0
end_of_record
TN:
SF:src\services\eventAssignment.service.ts
FN:22,(anonymous_0)
FN:40,(anonymous_1)
FN:68,(anonymous_2)
FN:91,(anonymous_3)
FN:100,(anonymous_4)
FN:111,(anonymous_5)
FNF:6
FNH:4
FNDA:12,(anonymous_0)
FNDA:31,(anonymous_1)
FNDA:13,(anonymous_2)
FNDA:44,(anonymous_3)
FNDA:0,(anonymous_4)
FNDA:0,(anonymous_5)
DA:1,1
DA:3,1
DA:17,1
DA:28,12
DA:29,12
DA:30,31
DA:33,12
DA:34,12
DA:35,12
DA:36,17
DA:40,31
DA:42,12
DA:44,15
DA:45,15
DA:46,44
DA:47,44
DA:48,44
DA:49,44
DA:52,15
DA:55,15
DA:56,24
DA:59,24
DA:60,8
DA:61,10
DA:63,8
DA:67,16
DA:68,13
DA:70,11
DA:74,16
DA:75,16
DA:78,16
DA:79,23
DA:80,23
DA:81,23
DA:85,16
DA:86,11
DA:91,44
DA:94,12
DA:102,0
DA:103,0
DA:104,0
DA:108,0
DA:111,0
DA:116,0
DA:117,0
DA:118,0
DA:121,0
DA:125,0
DA:128,0
DA:129,0
DA:130,0
DA:131,0
DA:140,0
DA:145,0
LF:54
LH:38
BRDA:25,0,0,2
BRDA:46,1,0,0
BRDA:48,2,0,24
BRDA:52,3,0,0
BRDA:56,4,0,24
BRDA:56,4,1,8
BRDA:59,5,0,8
BRDA:67,6,0,5
BRDA:67,6,1,11
BRDA:118,7,0,0
BRDA:118,7,1,0
BRDA:118,8,0,0
BRDA:118,8,1,0
BRF:13
BRH:7
end_of_record
TN:
SF:src\services\ticket.service.ts
FN:7,(anonymous_0)
FN:54,(anonymous_1)
FN:60,(anonymous_2)
FN:83,(anonymous_3)
FNF:4
FNH:0
FNDA:0,(anonymous_0)
FNDA:0,(anonymous_1)
FNDA:0,(anonymous_2)
FNDA:0,(anonymous_3)
DA:1,1
DA:2,1
DA:4,1
DA:6,1
DA:9,0
DA:16,0
DA:17,0
DA:21,0
DA:25,0
DA:26,0
DA:30,0
DA:37,0
DA:38,0
DA:41,0
DA:55,0
DA:61,0
DA:84,0
LF:17
LH:4
BRDA:16,0,0,0
BRDA:21,1,0,0
BRDA:21,1,1,0
BRDA:21,2,0,0
BRDA:21,2,1,0
BRDA:25,3,0,0
BRDA:25,4,0,0
BRDA:25,4,1,0
BRDA:37,5,0,0
BRDA:45,6,0,0
BRDA:45,6,1,0
BRF:11
BRH:0
end_of_record
TN:
SF:src\utils\logger.ts
FN:13,(anonymous_1)
FNF:1
FNH:1
FNDA:6,(anonymous_1)
DA:1,6
DA:3,6
DA:10,6
DA:14,6
DA:18,6
LF:5
LH:5
BRDA:14,0,0,2
BRDA:14,0,1,4
BRDA:19,1,0,6
BRDA:19,1,1,6
BRF:4
BRH:4
end_of_record
